Determining if the pthread_create exist failed with the following output:
Change Dir: /home/work/lh/4paradigm/xl/build/CMakeFiles/CMakeTmp

Run Build Command:/usr/bin/gmake "cmTryCompileExec1131355281/fast"
/usr/bin/gmake -f CMakeFiles/cmTryCompileExec1131355281.dir/build.make CMakeFiles/cmTryCompileExec1131355281.dir/build
gmake[1]: 进入目录“/home/work/lh/4paradigm/xl/build/CMakeFiles/CMakeTmp”
/usr/bin/cmake -E cmake_progress_report /home/work/lh/4paradigm/xl/build/CMakeFiles/CMakeTmp/CMakeFiles 1
Building C object CMakeFiles/cmTryCompileExec1131355281.dir/CheckSymbolExists.c.o
/usr/bin/cc    -o CMakeFiles/cmTryCompileExec1131355281.dir/CheckSymbolExists.c.o   -c /home/work/lh/4paradigm/xl/build/CMakeFiles/CMakeTmp/CheckSymbolExists.c
Linking C executable cmTryCompileExec1131355281
/usr/bin/cmake -E cmake_link_script CMakeFiles/cmTryCompileExec1131355281.dir/link.txt --verbose=1
/usr/bin/cc       CMakeFiles/cmTryCompileExec1131355281.dir/CheckSymbolExists.c.o  -o cmTryCompileExec1131355281 -rdynamic 
CMakeFiles/cmTryCompileExec1131355281.dir/CheckSymbolExists.c.o：在函数‘main’中：
CheckSymbolExists.c:(.text+0x16)：对‘pthread_create’未定义的引用
collect2: 错误：ld 返回 1
gmake[1]: *** [cmTryCompileExec1131355281] 错误 1
gmake[1]: 离开目录“/home/work/lh/4paradigm/xl/build/CMakeFiles/CMakeTmp”
gmake: *** [cmTryCompileExec1131355281/fast] 错误 2

File /home/work/lh/4paradigm/xl/build/CMakeFiles/CMakeTmp/CheckSymbolExists.c:
/* */
#include <pthread.h>

int main(int argc, char** argv)
{
  (void)argv;
#ifndef pthread_create
  return ((int*)(&pthread_create))[argc];
#else
  (void)argc;
  return 0;
#endif
}

Determining if the function pthread_create exists in the pthreads failed with the following output:
Change Dir: /home/work/lh/4paradigm/xl/build/CMakeFiles/CMakeTmp

Run Build Command:/usr/bin/gmake "cmTryCompileExec2796552483/fast"
/usr/bin/gmake -f CMakeFiles/cmTryCompileExec2796552483.dir/build.make CMakeFiles/cmTryCompileExec2796552483.dir/build
gmake[1]: 进入目录“/home/work/lh/4paradigm/xl/build/CMakeFiles/CMakeTmp”
/usr/bin/cmake -E cmake_progress_report /home/work/lh/4paradigm/xl/build/CMakeFiles/CMakeTmp/CMakeFiles 1
Building C object CMakeFiles/cmTryCompileExec2796552483.dir/CheckFunctionExists.c.o
/usr/bin/cc   -DCHECK_FUNCTION_EXISTS=pthread_create   -o CMakeFiles/cmTryCompileExec2796552483.dir/CheckFunctionExists.c.o   -c /usr/share/cmake/Modules/CheckFunctionExists.c
Linking C executable cmTryCompileExec2796552483
/usr/bin/cmake -E cmake_link_script CMakeFiles/cmTryCompileExec2796552483.dir/link.txt --verbose=1
/usr/bin/cc   -DCHECK_FUNCTION_EXISTS=pthread_create    CMakeFiles/cmTryCompileExec2796552483.dir/CheckFunctionExists.c.o  -o cmTryCompileExec2796552483 -rdynamic -lpthreads 
/usr/bin/ld: cannot find -lpthreads
collect2: 错误：ld 返回 1
gmake[1]: *** [cmTryCompileExec2796552483] 错误 1
gmake[1]: 离开目录“/home/work/lh/4paradigm/xl/build/CMakeFiles/CMakeTmp”
gmake: *** [cmTryCompileExec2796552483/fast] 错误 2


